Train green entering Greenbelt
Train blue entering Largo Town Center
Train orange entering New Carrolton
Train yellow entering Fort Totten
Train red entering Glenmont
Train blue leaving Largo Town Center
Train yellow leaving Fort Totten
Train orange leaving New Carrolton
Train green leaving Greenbelt
Train blue entering Stadium-Armory
Train red leaving Glenmont
Train yellow entering Gallery Place
Train green entering College Park
Alice boarding train green at College Park
Train red entering Silver Spring
Train blue leaving Stadium-Armory
Train orange entering Stadium-Armory
Train yellow leaving Gallery Place
Train green leaving College Park
Train red leaving Silver Spring
Train blue entering Eastern Market
Train yellow entering L'Enfant Plaza
Train green entering Fort Totten
Train orange leaving Stadium-Armory
Train blue leaving Eastern Market
Train orange entering Eastern Market
Train green leaving Fort Totten
Train yellow leaving L'Enfant Plaza
Train green entering Gallery Place
Train yellow entering Pentagon
Alice leaving train green at Gallery Place
Train red entering Fort Totten
Train blue entering L'Enfant Plaza
